Build started 5/18/2016 10:22:43 PM.
     1>Project "C:\Thunderclad\Thunderclad\Thunderclad\Thunderclad.vcxproj" on node 2 (Build target(s)).
     1>InitializeBuildStatus:
         Creating "Debug\Thunderclad.tlog\unsuccessfulbuild" because "AlwaysCreate" was specified.
       ClCompile:
         All outputs are up-to-date.
         All outputs are up-to-date.
         All outputs are up-to-date.
         C:\Program Files (x86)\Microsoft Visual Studio 12.0\VC\bin\CL.exe /c /ZI /nologo /W3 /WX- /sdl /Od /Oy- /D _MBCS /Gm /EHsc /RTC1 /MDd /GS /fp:precise /Zc:wchar_t /Zc:forScope /Fo"Debug\/Source\File\/" /Fd"Debug\Thunderclad.pdb" /Gd /TP /analyze- /errorReport:prompt Source\File\TCShaderImporter.cpp
         TCShaderImporter.cpp
         All outputs are up-to-date.
         All outputs are up-to-date.
         All outputs are up-to-date.
         All outputs are up-to-date.
         All outputs are up-to-date.
         All outputs are up-to-date.
         All outputs are up-to-date.
         All outputs are up-to-date.
         All outputs are up-to-date.
         All outputs are up-to-date.
         All outputs are up-to-date.
       Lib:
         C:\Program Files (x86)\Microsoft Visual Studio 12.0\VC\bin\Lib.exe /OUT:"C:\Thunderclad\Graphics Testbed\Graphics Testbed\Debug\Thunderclad.lib" d3d11.lib d3dcompiler.lib "libyaml-cppmdd.lib" /LIBPATH:Bin\x86\ /NOLOGO Debug\/Source\Application\/TCApplication.obj
         Debug\/Source\Application\/TCResultCode.obj
         Debug\/Source\Application\/TCWindow.obj
         Debug\/Source\Application\/TCWindow.win32.obj
         Debug\/Source\Collections\/TCHashFunctions.obj
         Debug\/Source\Collections\/TCHashTable.obj
         Debug\/Source\Collections\/TCList.obj
         Debug\/Source\Communication\/TCEventDispatcher.obj
         Debug\/Source\Communication\/TCEventListener.obj
         Debug\/Source\File\/TCFile.obj
         Debug\/Source\File\/TCFile.win32.obj
         Debug\/Source\File\/TCFileManager.obj
         Debug\/Source\File\/TCFileManager.win32.obj
         Debug\/Source\File\/TCShaderImporter.obj
         Debug\/Source\Input\/TCInputManager.obj
         Debug\/Source\Input\/TCInputManager.win32.obj
         Debug\/Source\Input\/TCKeyboardInput.obj
         Debug\/Source\Input\/TCKeyboardInput.win32.obj
         Debug\/Source\Input\/TCMouseInput.obj
         Debug\/Source\Input\/TCMouseInput.win32.obj
         Debug\/Source\Math\/TCBoundingBox2D.obj
         Debug\/Source\Math\/TCMathUtils.obj
         Debug\/Source\Math\/TCPoint2D.obj
         Debug\/Source\Math\/TCPoint3D.obj
         Debug\/Source\Math\/TCVector2D.obj
         Debug\/Source\Math\/TCVector3D.obj
         "Debug\/Source\Rendering\DirectX 11\/TCBufferContext_DX11.obj"
         "Debug\/Source\Rendering\DirectX 11\/TCGraphicsContext_DX11.obj"
         "Debug\/Source\Rendering\DirectX 11\/TCShaderContext_DX11.obj"
         Debug\/Source\Rendering\/IGraphicsBuffer.obj
         Debug\/Source\Rendering\/IGraphicsResource.obj
         Debug\/Source\Rendering\/TCConstantBuffer.obj
         Debug\/Source\Rendering\/TCGraphicsContext.obj
         Debug\/Source\Rendering\/TCIndexBuffer.obj
         Debug\/Source\Rendering\/TCRenderer.obj
         Debug\/Source\Rendering\/TCShader.obj
         Debug\/Source\Rendering\/TCShaderAttribute.obj
         Debug\/Source\Rendering\/TCShaderProgram.obj
         Debug\/Source\Rendering\/TCShaderUniform.obj
         Debug\/Source\Rendering\/TCVertexBuffer.obj
         Debug\/Source\Rendering\/TCVertexFormat.obj
         "Debug\/Source\Rendering\OpenGL 4.0\/TCGraphicsContext_OGL.obj"
         Debug\/Source\Threading\/TCThreadWin32.obj
         "Debug\/Source\Unit Testing\/TCUnitTest.obj"
         "Debug\/Source\Unit Testing\/TCUnitTestManager.obj"
         "Debug\/Source\Unit Testing\Unit Tests\/TCFile_UnitTest.obj"
         "Debug\/Source\Unit Testing\Unit Tests\/TCHashTable_UnitTest.obj"
         "Debug\/Source\Unit Testing\Unit Tests\/TCList_UnitTest.obj"
         "Debug\/Source\Unit Testing\Unit Tests\/TCString_UnitTest.obj"
         Debug\/Source\Utilities\Debugging\/TCLogger.obj
         Debug\/Source\Utilities\Memory\/TCMemUtils.obj
         Debug\/Source\Utilities\Strings\/TCString.obj
         Debug\/Source\Utilities\Strings\/TCStringUtils.obj
     1>d3dcompiler.lib(D3DCOMPILER_43.dll) : warning LNK4006: __NULL_IMPORT_DESCRIPTOR already defined in d3d11.lib(d3d11.dll); second definition ignored
     1>d3dcompiler.lib(D3DCOMPILER_43.dll) : warning LNK4221: This object file does not define any previously undefined public symbols, so it will not be used by any link operation that consumes this library
         Thunderclad.vcxproj -> C:\Thunderclad\Graphics Testbed\Graphics Testbed\Debug\Thunderclad.lib
       CopyFilesToOutputDirectory:
         Copying file from "Debug\Thunderclad.pdb" to "C:\Thunderclad\Graphics Testbed\Graphics Testbed\Debug\Thunderclad.pdb".
       FinalizeBuildStatus:
         Deleting file "Debug\Thunderclad.tlog\unsuccessfulbuild".
         Touching "Debug\Thunderclad.tlog\Thunderclad.lastbuildstate".
     1>Done Building Project "C:\Thunderclad\Thunderclad\Thunderclad\Thunderclad.vcxproj" (Build target(s)).

Build succeeded.

Time Elapsed 00:00:00.81
